0 info it worked if it ends with ok
1 verbose cli [ '/usr/local/bin/iojs', '/usr/local/bin/npm', 'publish' ]
2 info using npm@2.15.1
3 info using node@v4.4.4
4 verbose publish [ '.' ]
5 silly cache add args [ '.', null ]
6 verbose cache add spec .
7 silly cache add parsed spec Result {
7 silly cache add   raw: '.',
7 silly cache add   scope: null,
7 silly cache add   name: null,
7 silly cache add   rawSpec: '.',
7 silly cache add   spec: '/Users/andrewlively/git/array-convert',
7 silly cache add   type: 'directory' }
8 verbose addLocalDirectory /Users/andrewlively/.npm/array-convert/1.0.0/package.tgz not in flight; packing
9 verbose correctMkdir /Users/andrewlively/.npm correctMkdir not in flight; initializing
10 verbose tar pack [ '/Users/andrewlively/.npm/array-convert/1.0.0/package.tgz',
10 verbose tar pack   '/Users/andrewlively/git/array-convert' ]
11 verbose tarball /Users/andrewlively/.npm/array-convert/1.0.0/package.tgz
12 verbose folder /Users/andrewlively/git/array-convert
13 info prepublish array-convert@1.0.0
14 verbose addLocalTarball adding from inside cache /Users/andrewlively/.npm/array-convert/1.0.0/package.tgz
15 verbose correctMkdir /Users/andrewlively/.npm correctMkdir not in flight; initializing
16 silly cache afterAdd array-convert@1.0.0
17 verbose afterAdd /Users/andrewlively/.npm/array-convert/1.0.0/package/package.json not in flight; writing
18 verbose correctMkdir /Users/andrewlively/.npm correctMkdir not in flight; initializing
19 verbose afterAdd /Users/andrewlively/.npm/array-convert/1.0.0/package/package.json written
20 silly publish { name: 'array-convert',
20 silly publish   version: '1.0.0',
20 silly publish   description: 'Wraps provided value as array',
20 silly publish   main: 'index.js',
20 silly publish   scripts: { test: 'echo "Error: no test specified" && exit 1' },
20 silly publish   repository:
20 silly publish    { type: 'git',
20 silly publish      url: 'git+https://github.com/andrewlively/array-convert.git' },
20 silly publish   author: { name: 'Andrew Lively', email: 'andrew.lively2@gmail.com' },
20 silly publish   license: 'Apache-2.0',
20 silly publish   bugs: { url: 'https://github.com/andrewlively/array-convert/issues' },
20 silly publish   homepage: 'https://github.com/andrewlively/array-convert#readme',
20 silly publish   readme: '# array-convert\nWraps provided value as array\n',
20 silly publish   readmeFilename: 'README.md',
20 silly publish   gitHead: '4b829b4111884ea40f0e167dac41c9a168893382',
20 silly publish   _id: 'array-convert@1.0.0',
20 silly publish   _shasum: 'e4ae644a9f43e6a47a16e85b3d76db594d3f858b',
20 silly publish   _from: '.' }
21 verbose getPublishConfig undefined
22 silly mapToRegistry name array-convert
23 silly mapToRegistry using default registry
24 silly mapToRegistry registry https://registry.npmjs.org/
25 silly mapToRegistry data Result {
25 silly mapToRegistry   raw: 'array-convert',
25 silly mapToRegistry   scope: null,
25 silly mapToRegistry   name: 'array-convert',
25 silly mapToRegistry   rawSpec: '',
25 silly mapToRegistry   spec: 'latest',
25 silly mapToRegistry   type: 'tag' }
26 silly mapToRegistry uri https://registry.npmjs.org/array-convert
27 verbose publish registryBase https://registry.npmjs.org/
28 silly publish uploading /Users/andrewlively/.npm/array-convert/1.0.0/package.tgz
29 verbose request uri https://registry.npmjs.org/array-convert
30 verbose request sending authorization for write operation
31 info attempt registry request try #1 at 2:26:29 PM
32 verbose request using bearer token for auth
33 verbose request id 2b2808030910815f
34 http request PUT https://registry.npmjs.org/array-convert
35 http 403 https://registry.npmjs.org/array-convert
36 verbose headers { 'content-type': 'application/json',
36 verbose headers   'cache-control': 'max-age=300',
36 verbose headers   'content-length': '95',
36 verbose headers   'accept-ranges': 'bytes',
36 verbose headers   date: 'Wed, 20 Jul 2016 18:26:30 GMT',
36 verbose headers   via: '1.1 varnish',
36 verbose headers   connection: 'keep-alive',
36 verbose headers   'x-served-by': 'cache-ord1721-ORD',
36 verbose headers   'x-cache': 'MISS',
36 verbose headers   'x-cache-hits': '0',
36 verbose headers   'x-timer': 'S1469039189.670354,VS0,VE752',
36 verbose headers   vary: 'Accept-Encoding' }
37 verbose request invalidating /Users/andrewlively/.npm/registry.npmjs.org/array-convert on PUT
38 error publish Failed PUT 403
39 verbose stack Error: "You cannot publish over the previously published version 1.0.0." : array-convert
39 verbose stack     at makeError (/usr/local/lib/node_modules/npm/node_modules/npm-registry-client/lib/request.js:264:12)
39 verbose stack     at CachingRegistryClient.<anonymous> (/usr/local/lib/node_modules/npm/node_modules/npm-registry-client/lib/request.js:252:14)
39 verbose stack     at Request._callback (/usr/local/lib/node_modules/npm/node_modules/npm-registry-client/lib/request.js:172:14)
39 verbose stack     at Request.self.callback (/usr/local/lib/node_modules/npm/node_modules/request/request.js:199:22)
39 verbose stack     at emitTwo (events.js:87:13)
39 verbose stack     at Request.emit (events.js:172:7)
39 verbose stack     at Request.<anonymous> (/usr/local/lib/node_modules/npm/node_modules/request/request.js:1036:10)
39 verbose stack     at emitOne (events.js:82:20)
39 verbose stack     at Request.emit (events.js:169:7)
39 verbose stack     at IncomingMessage.<anonymous> (/usr/local/lib/node_modules/npm/node_modules/request/request.js:963:12)
40 verbose statusCode 403
41 verbose pkgid array-convert
42 verbose cwd /Users/andrewlively/git/array-convert
43 error Darwin 15.5.0
44 error argv "/usr/local/bin/iojs" "/usr/local/bin/npm" "publish"
45 error node v4.4.4
46 error npm  v2.15.1
47 error code E403
48 error "You cannot publish over the previously published version 1.0.0." : array-convert
49 error If you need help, you may report this error at:
49 error     <https://github.com/npm/npm/issues>
50 verbose exit [ 1, true ]
